Determining if the CL_VERSION_2_0 exist failed with the following output:
Change Dir: /home/pawel/Desktop/version-control/OpenCV/opencv-3.3.1/samples/CMakeFiles/CMakeTmp

Run Build Command:"/usr/bin/make" "cmTC_f4169/fast"
/usr/bin/make -f CMakeFiles/cmTC_f4169.dir/build.make CMakeFiles/cmTC_f4169.dir/build
make[1]: Entering directory '/home/pawel/Desktop/version-control/OpenCV/opencv-3.3.1/samples/CMakeFiles/CMakeTmp'
Building C object CMakeFiles/cmTC_f4169.dir/CheckSymbolExists.c.o
/usr/bin/cc     -o CMakeFiles/cmTC_f4169.dir/CheckSymbolExists.c.o   -c /home/pawel/Desktop/version-control/OpenCV/opencv-3.3.1/samples/CMakeFiles/CMakeTmp/CheckSymbolExists.c
/home/pawel/Desktop/version-control/OpenCV/opencv-3.3.1/samples/CMakeFiles/CMakeTmp/CheckSymbolExists.c:2:47: fatal error: OpenCL_INCLUDE_DIR-NOTFOUND/CL/cl.h: No such file or directory
compilation terminated.
CMakeFiles/cmTC_f4169.dir/build.make:65: recipe for target 'CMakeFiles/cmTC_f4169.dir/CheckSymbolExists.c.o' failed
make[1]: *** [CMakeFiles/cmTC_f4169.dir/CheckSymbolExists.c.o] Error 1
make[1]: Leaving directory '/home/pawel/Desktop/version-control/OpenCV/opencv-3.3.1/samples/CMakeFiles/CMakeTmp'
Makefile:126: recipe for target 'cmTC_f4169/fast' failed
make: *** [cmTC_f4169/fast] Error 2

File /home/pawel/Desktop/version-control/OpenCV/opencv-3.3.1/samples/CMakeFiles/CMakeTmp/CheckSymbolExists.c:
/* */
#include <OpenCL_INCLUDE_DIR-NOTFOUND/CL/cl.h>

int main(int argc, char** argv)
{
  (void)argv;
#ifndef CL_VERSION_2_0
  return ((int*)(&CL_VERSION_2_0))[argc];
#else
  (void)argc;
  return 0;
#endif
}

Determining if the CL_VERSION_1_2 exist failed with the following output:
Change Dir: /home/pawel/Desktop/version-control/OpenCV/opencv-3.3.1/samples/CMakeFiles/CMakeTmp

Run Build Command:"/usr/bin/make" "cmTC_53c6a/fast"
/usr/bin/make -f CMakeFiles/cmTC_53c6a.dir/build.make CMakeFiles/cmTC_53c6a.dir/build
make[1]: Entering directory '/home/pawel/Desktop/version-control/OpenCV/opencv-3.3.1/samples/CMakeFiles/CMakeTmp'
Building C object CMakeFiles/cmTC_53c6a.dir/CheckSymbolExists.c.o
/usr/bin/cc     -o CMakeFiles/cmTC_53c6a.dir/CheckSymbolExists.c.o   -c /home/pawel/Desktop/version-control/OpenCV/opencv-3.3.1/samples/CMakeFiles/CMakeTmp/CheckSymbolExists.c
/home/pawel/Desktop/version-control/OpenCV/opencv-3.3.1/samples/CMakeFiles/CMakeTmp/CheckSymbolExists.c:2:47: fatal error: OpenCL_INCLUDE_DIR-NOTFOUND/CL/cl.h: No such file or directory
compilation terminated.
CMakeFiles/cmTC_53c6a.dir/build.make:65: recipe for target 'CMakeFiles/cmTC_53c6a.dir/CheckSymbolExists.c.o' failed
make[1]: *** [CMakeFiles/cmTC_53c6a.dir/CheckSymbolExists.c.o] Error 1
make[1]: Leaving directory '/home/pawel/Desktop/version-control/OpenCV/opencv-3.3.1/samples/CMakeFiles/CMakeTmp'
Makefile:126: recipe for target 'cmTC_53c6a/fast' failed
make: *** [cmTC_53c6a/fast] Error 2

File /home/pawel/Desktop/version-control/OpenCV/opencv-3.3.1/samples/CMakeFiles/CMakeTmp/CheckSymbolExists.c:
/* */
#include <OpenCL_INCLUDE_DIR-NOTFOUND/CL/cl.h>

int main(int argc, char** argv)
{
  (void)argv;
#ifndef CL_VERSION_1_2
  return ((int*)(&CL_VERSION_1_2))[argc];
#else
  (void)argc;
  return 0;
#endif
}

Determining if the CL_VERSION_1_1 exist failed with the following output:
Change Dir: /home/pawel/Desktop/version-control/OpenCV/opencv-3.3.1/samples/CMakeFiles/CMakeTmp

Run Build Command:"/usr/bin/make" "cmTC_ca4f9/fast"
/usr/bin/make -f CMakeFiles/cmTC_ca4f9.dir/build.make CMakeFiles/cmTC_ca4f9.dir/build
make[1]: Entering directory '/home/pawel/Desktop/version-control/OpenCV/opencv-3.3.1/samples/CMakeFiles/CMakeTmp'
Building C object CMakeFiles/cmTC_ca4f9.dir/CheckSymbolExists.c.o
/usr/bin/cc     -o CMakeFiles/cmTC_ca4f9.dir/CheckSymbolExists.c.o   -c /home/pawel/Desktop/version-control/OpenCV/opencv-3.3.1/samples/CMakeFiles/CMakeTmp/CheckSymbolExists.c
/home/pawel/Desktop/version-control/OpenCV/opencv-3.3.1/samples/CMakeFiles/CMakeTmp/CheckSymbolExists.c:2:47: fatal error: OpenCL_INCLUDE_DIR-NOTFOUND/CL/cl.h: No such file or directory
compilation terminated.
CMakeFiles/cmTC_ca4f9.dir/build.make:65: recipe for target 'CMakeFiles/cmTC_ca4f9.dir/CheckSymbolExists.c.o' failed
make[1]: *** [CMakeFiles/cmTC_ca4f9.dir/CheckSymbolExists.c.o] Error 1
make[1]: Leaving directory '/home/pawel/Desktop/version-control/OpenCV/opencv-3.3.1/samples/CMakeFiles/CMakeTmp'
Makefile:126: recipe for target 'cmTC_ca4f9/fast' failed
make: *** [cmTC_ca4f9/fast] Error 2

File /home/pawel/Desktop/version-control/OpenCV/opencv-3.3.1/samples/CMakeFiles/CMakeTmp/CheckSymbolExists.c:
/* */
#include <OpenCL_INCLUDE_DIR-NOTFOUND/CL/cl.h>

int main(int argc, char** argv)
{
  (void)argv;
#ifndef CL_VERSION_1_1
  return ((int*)(&CL_VERSION_1_1))[argc];
#else
  (void)argc;
  return 0;
#endif
}

Determining if the CL_VERSION_1_0 exist failed with the following output:
Change Dir: /home/pawel/Desktop/version-control/OpenCV/opencv-3.3.1/samples/CMakeFiles/CMakeTmp

Run Build Command:"/usr/bin/make" "cmTC_35481/fast"
/usr/bin/make -f CMakeFiles/cmTC_35481.dir/build.make CMakeFiles/cmTC_35481.dir/build
make[1]: Entering directory '/home/pawel/Desktop/version-control/OpenCV/opencv-3.3.1/samples/CMakeFiles/CMakeTmp'
Building C object CMakeFiles/cmTC_35481.dir/CheckSymbolExists.c.o
/usr/bin/cc     -o CMakeFiles/cmTC_35481.dir/CheckSymbolExists.c.o   -c /home/pawel/Desktop/version-control/OpenCV/opencv-3.3.1/samples/CMakeFiles/CMakeTmp/CheckSymbolExists.c
/home/pawel/Desktop/version-control/OpenCV/opencv-3.3.1/samples/CMakeFiles/CMakeTmp/CheckSymbolExists.c:2:47: fatal error: OpenCL_INCLUDE_DIR-NOTFOUND/CL/cl.h: No such file or directory
compilation terminated.
CMakeFiles/cmTC_35481.dir/build.make:65: recipe for target 'CMakeFiles/cmTC_35481.dir/CheckSymbolExists.c.o' failed
make[1]: *** [CMakeFiles/cmTC_35481.dir/CheckSymbolExists.c.o] Error 1
make[1]: Leaving directory '/home/pawel/Desktop/version-control/OpenCV/opencv-3.3.1/samples/CMakeFiles/CMakeTmp'
Makefile:126: recipe for target 'cmTC_35481/fast' failed
make: *** [cmTC_35481/fast] Error 2

File /home/pawel/Desktop/version-control/OpenCV/opencv-3.3.1/samples/CMakeFiles/CMakeTmp/CheckSymbolExists.c:
/* */
#include <OpenCL_INCLUDE_DIR-NOTFOUND/CL/cl.h>

int main(int argc, char** argv)
{
  (void)argv;
#ifndef CL_VERSION_1_0
  return ((int*)(&CL_VERSION_1_0))[argc];
#else
  (void)argc;
  return 0;
#endif
}

